TN:
SF:src/lib/supabase.ts
FNF:0
FNH:0
DA:3,0
LF:1
LH:0
BRF:0
BRH:0
end_of_record
TN:
SF:src/lib/components/Footer.svelte
FN:5,click
FNF:1
FNH:0
FNDA:0,click
DA:1,0
DA:2,0
DA:3,0
DA:5,0
LF:4
LH:0
BRF:0
BRH:0
end_of_record
TN:
SF:src/lib/components/Navbar.svelte
FN:1,Navbar
FN:15,toggleAccountMenu
FN:22,toggleHamburgerMenu
FN:29,openModal
FN:33,closeModal
FN:37,isActivePath
FN:42,isExploreActive
FN:47,onDocumentClick
FN:63,logout
FN:78,(anonymous_9)
FN:210,(anonymous_10)
FN:220,(anonymous_11)
FN:230,(anonymous_12)
FN:240,(anonymous_13)
FN:250,(anonymous_14)
FN:260,(anonymous_15)
FN:274,(anonymous_16)
FN:283,(anonymous_17)
FN:292,(anonymous_18)
FN:301,(anonymous_19)
FN:310,(anonymous_20)
FN:319,(anonymous_21)
FN:193,(anonymous_22)
FN:193,(anonymous_23)
FN:361,(anonymous_24)
FN:368,click_1
FN:331,(anonymous_26)
FN:331,(anonymous_27)
FN:341,(anonymous_28)
FN:93,click
FNF:30
FNH:0
FNDA:0,Navbar
FNDA:0,toggleAccountMenu
FNDA:0,toggleHamburgerMenu
FNDA:0,openModal
FNDA:0,closeModal
FNDA:0,isActivePath
FNDA:0,isExploreActive
FNDA:0,onDocumentClick
FNDA:0,logout
FNDA:0,(anonymous_9)
FNDA:0,(anonymous_10)
FNDA:0,(anonymous_11)
FNDA:0,(anonymous_12)
FNDA:0,(anonymous_13)
FNDA:0,(anonymous_14)
FNDA:0,(anonymous_15)
FNDA:0,(anonymous_16)
FNDA:0,(anonymous_17)
FNDA:0,(anonymous_18)
FNDA:0,(anonymous_19)
FNDA:0,(anonymous_20)
FNDA:0,(anonymous_21)
FNDA:0,(anonymous_22)
FNDA:0,(anonymous_23)
FNDA:0,(anonymous_24)
FNDA:0,click_1
FNDA:0,(anonymous_26)
FNDA:0,(anonymous_27)
FNDA:0,(anonymous_28)
FNDA:0,click
DA:9,0
DA:10,0
DA:11,0
DA:12,0
DA:13,0
DA:16,0
DA:17,0
DA:18,0
DA:23,0
DA:24,0
DA:25,0
DA:30,0
DA:34,0
DA:38,0
DA:39,0
DA:43,0
DA:44,0
DA:48,0
DA:50,0
DA:51,0
DA:54,0
DA:55,0
DA:58,0
DA:59,0
DA:64,0
DA:65,0
DA:67,0
DA:68,0
DA:69,0
DA:70,0
DA:72,0
DA:73,0
DA:74,0
DA:78,0
DA:79,0
DA:83,0
DA:85,0
DA:86,0
DA:91,0
DA:92,0
DA:93,0
DA:96,0
DA:106,0
DA:107,0
DA:108,0
DA:109,0
DA:114,0
DA:119,0
DA:124,0
DA:129,0
DA:134,0
DA:141,0
DA:142,0
DA:150,0
DA:158,0
DA:166,0
DA:174,0
DA:182,0
DA:193,0
DA:194,0
DA:204,0
DA:205,0
DA:206,0
DA:207,0
DA:208,0
DA:210,0
DA:217,0
DA:218,0
DA:220,0
DA:227,0
DA:228,0
DA:230,0
DA:237,0
DA:238,0
DA:240,0
DA:247,0
DA:248,0
DA:250,0
DA:257,0
DA:258,0
DA:260,0
DA:269,0
DA:270,0
DA:271,0
DA:272,0
DA:274,0
DA:280,0
DA:281,0
DA:283,0
DA:289,0
DA:290,0
DA:292,0
DA:298,0
DA:299,0
DA:301,0
DA:307,0
DA:308,0
DA:310,0
DA:316,0
DA:317,0
DA:319,0
DA:330,0
DA:331,0
DA:332,0
DA:339,0
DA:341,0
DA:346,0
DA:347,0
DA:348,0
DA:349,0
DA:350,0
DA:358,0
DA:359,0
DA:361,0
DA:367,0
DA:368,0
DA:370,0
DA:379,0
DA:391,0
DA:392,0
DA:395,0
DA:396,0
DA:397,0
DA:398,0
LF:124
LH:0
BRDA:17,0,0,0
BRDA:17,0,1,0
BRDA:24,1,0,0
BRDA:24,1,1,0
BRDA:38,2,0,0
BRDA:38,2,1,0
BRDA:43,3,0,0
BRDA:43,3,1,0
BRDA:44,4,0,0
BRDA:44,4,1,0
BRDA:50,5,0,0
BRDA:50,5,1,0
BRDA:54,6,0,0
BRDA:54,6,1,0
BRDA:54,7,0,0
BRDA:54,7,1,0
BRDA:54,7,2,0
BRDA:58,8,0,0
BRDA:58,8,1,0
BRDA:58,9,0,0
BRDA:58,9,1,0
BRDA:58,9,2,0
BRDA:67,10,0,0
BRDA:67,10,1,0
BRDA:85,11,0,0
BRDA:85,11,1,0
BRDA:85,12,0,0
BRDA:85,12,1,0
BRDA:107,13,0,0
BRDA:107,13,1,0
BRDA:205,14,0,0
BRDA:205,14,1,0
BRDA:269,15,0,0
BRDA:269,15,1,0
BRDA:204,16,0,0
BRDA:204,16,1,0
BRDA:346,17,0,0
BRDA:346,17,1,0
BRDA:342,18,0,0
BRDA:342,18,1,0
BRDA:330,19,0,0
BRDA:330,19,1,0
BRDA:398,20,0,0
BRDA:398,20,1,0
BRDA:197,21,0,0
BRDA:197,21,1,0
BRDA:197,21,2,0
BRDA:197,21,3,0
BRDA:197,21,4,0
BRDA:197,21,5,0
BRDA:197,21,6,0
BRF:51
BRH:0
end_of_record
TN:
SF:src/lib/components/Cards/HomeCard.svelte
FN:1,HomeCard
FN:9,(anonymous_1)
FN:16,(anonymous_2)
FNF:3
FNH:0
FNDA:0,HomeCard
FNDA:0,(anonymous_1)
FNDA:0,(anonymous_2)
DA:2,0
DA:3,0
DA:4,0
DA:5,0
DA:6,0
DA:9,0
DA:13,0
DA:14,0
DA:16,0
DA:19,0
DA:20,0
DA:21,0
DA:22,0
LF:13
LH:0
BRDA:9,0,0,0
BRDA:9,0,1,0
BRDA:10,1,0,0
BRDA:10,1,1,0
BRDA:11,2,0,0
BRDA:11,2,1,0
BRDA:16,3,0,0
BRDA:16,3,1,0
BRDA:13,4,0,0
BRDA:13,4,1,0
BRF:10
BRH:0
end_of_record
TN:
SF:src/lib/components/Cards/StatusCard.svelte
FN:1,StatusCard
FN:12,copyToClipboard
FN:15,(anonymous_2)
FN:7,(anonymous_3)
FN:29,(anonymous_4)
FN:43,(anonymous_5)
FN:43,(anonymous_6)
FN:40,(anonymous_7)
FN:54,(anonymous_8)
FN:51,(anonymous_9)
FN:68,(anonymous_10)
FN:7,(anonymous_11)
FN:66,click
FN:63,(anonymous_13)
FN:85,(anonymous_14)
FN:83,click_1
FN:80,(anonymous_16)
FN:102,(anonymous_17)
FN:101,(anonymous_18)
FN:100,click_2
FN:97,(anonymous_20)
FN:116,(anonymous_21)
FN:118,(anonymous_22)
FN:131,(anonymous_23)
FN:128,(anonymous_24)
FN:21,(anonymous_25)
FNF:26
FNH:0
FNDA:0,StatusCard
FNDA:0,copyToClipboard
FNDA:0,(anonymous_2)
FNDA:0,(anonymous_3)
FNDA:0,(anonymous_4)
FNDA:0,(anonymous_5)
FNDA:0,(anonymous_6)
FNDA:0,(anonymous_7)
FNDA:0,(anonymous_8)
FNDA:0,(anonymous_9)
FNDA:0,(anonymous_10)
FNDA:0,(anonymous_11)
FNDA:0,click
FNDA:0,(anonymous_13)
FNDA:0,(anonymous_14)
FNDA:0,click_1
FNDA:0,(anonymous_16)
FNDA:0,(anonymous_17)
FNDA:0,(anonymous_18)
FNDA:0,click_2
FNDA:0,(anonymous_20)
FNDA:0,(anonymous_21)
FNDA:0,(anonymous_22)
FNDA:0,(anonymous_23)
FNDA:0,(anonymous_24)
FNDA:0,(anonymous_25)
DA:4,0
DA:6,0
DA:7,0
DA:8,0
DA:10,0
DA:13,0
DA:14,0
DA:15,0
DA:19,0
DA:20,0
DA:21,0
DA:22,0
DA:23,0
DA:24,0
DA:26,0
DA:27,0
DA:28,0
DA:29,0
DA:30,0
DA:32,0
DA:36,0
DA:38,0
DA:39,0
DA:40,0
DA:41,0
DA:43,0
DA:47,0
DA:49,0
DA:50,0
DA:51,0
DA:52,0
DA:54,0
DA:58,0
DA:59,0
DA:61,0
DA:62,0
DA:63,0
DA:64,0
DA:66,0
DA:67,0
DA:68,0
DA:69,0
DA:71,0
DA:76,0
DA:78,0
DA:79,0
DA:80,0
DA:81,0
DA:83,0
DA:84,0
DA:85,0
DA:86,0
DA:88,0
DA:93,0
DA:95,0
DA:96,0
DA:97,0
DA:98,0
DA:100,0
DA:101,0
DA:102,0
DA:103,0
DA:105,0
DA:112,0
DA:114,0
DA:115,0
DA:116,0
DA:118,0
DA:119,0
DA:121,0
DA:124,0
DA:126,0
DA:127,0
DA:128,0
DA:129,0
DA:131,0
LF:76
LH:0
BRDA:7,0,0,0
BRDA:7,0,1,0
BRDA:29,1,0,0
BRDA:29,1,1,0
BRDA:38,2,0,0
BRDA:38,2,1,0
BRDA:40,3,0,0
BRDA:40,3,1,0
BRDA:49,4,0,0
BRDA:49,4,1,0
BRDA:51,5,0,0
BRDA:51,5,1,0
BRDA:7,6,0,0
BRDA:7,6,1,0
BRDA:61,7,0,0
BRDA:61,7,1,0
BRDA:63,8,0,0
BRDA:63,8,1,0
BRDA:7,9,0,0
BRDA:7,9,1,0
BRDA:78,10,0,0
BRDA:78,10,1,0
BRDA:80,11,0,0
BRDA:80,11,1,0
BRDA:95,12,0,0
BRDA:95,12,1,0
BRDA:97,13,0,0
BRDA:97,13,1,0
BRDA:7,14,0,0
BRDA:7,14,1,0
BRDA:118,15,0,0
BRDA:118,15,1,0
BRDA:126,16,0,0
BRDA:126,16,1,0
BRDA:128,17,0,0
BRDA:128,17,1,0
BRDA:23,18,0,0
BRDA:23,18,1,0
BRDA:23,19,0,0
BRDA:23,19,1,0
BRF:40
BRH:0
end_of_record
TN:
SF:src/lib/components/Profiles/ProfileCard.svelte
FN:1,ProfileCard
FN:8,goTo
FN:17,(anonymous_2)
FN:20,(anonymous_3)
FN:20,(anonymous_4)
FN:25,(anonymous_5)
FN:29,(anonymous_6)
FNF:7
FNH:0
FNDA:0,ProfileCard
FNDA:0,goTo
FNDA:0,(anonymous_2)
FNDA:0,(anonymous_3)
FNDA:0,(anonymous_4)
FNDA:0,(anonymous_5)
FNDA:0,(anonymous_6)
DA:6,0
DA:9,0
DA:13,0
DA:14,0
DA:15,0
DA:16,0
DA:17,0
DA:20,0
DA:22,0
DA:23,0
DA:25,0
DA:27,0
DA:29,0
DA:31,0
LF:14
LH:0
BRDA:17,0,0,0
BRDA:17,0,1,0
BRF:2
BRH:0
end_of_record
TN:
SF:src/lib/components/ServerInfo/ReviewElement.svelte
FN:1,ReviewElement
FN:10,(anonymous_1)
FN:18,portal
FN:19,(anonymous_3)
FN:24,destroy
FN:30,openModal
FN:34,closeModal
FN:38,copyServerHost
FN:41,(anonymous_8)
FN:44,deleteReview
FN:79,click
FN:78,(anonymous_11)
FN:84,click_1
FN:95,(anonymous_13)
FN:110,(anonymous_14)
FN:111,(anonymous_15)
FN:68,(anonymous_16)
FN:9,(anonymous_17)
FNF:18
FNH:0
FNDA:0,ReviewElement
FNDA:0,(anonymous_1)
FNDA:0,portal
FNDA:0,(anonymous_3)
FNDA:0,destroy
FNDA:0,openModal
FNDA:0,closeModal
FNDA:0,copyServerHost
FNDA:0,(anonymous_8)
FNDA:0,deleteReview
FNDA:0,click
FNDA:0,(anonymous_11)
FNDA:0,click_1
FNDA:0,(anonymous_13)
FNDA:0,(anonymous_14)
FNDA:0,(anonymous_15)
FNDA:0,(anonymous_16)
FNDA:0,(anonymous_17)
DA:9,0
DA:10,0
DA:11,0
DA:12,0
DA:14,0
DA:15,0
DA:16,0
DA:19,0
DA:20,0
DA:23,0
DA:25,0
DA:31,0
DA:35,0
DA:39,0
DA:40,0
DA:41,0
DA:45,0
DA:46,0
DA:51,0
DA:53,0
DA:54,0
DA:56,0
DA:57,0
DA:58,0
DA:63,0
DA:65,0
DA:66,0
DA:67,0
DA:68,0
DA:71,0
DA:73,0
DA:75,0
DA:77,0
DA:78,0
DA:79,0
DA:83,0
DA:84,0
DA:92,0
DA:93,0
DA:94,0
DA:95,0
DA:96,0
DA:97,0
DA:99,0
DA:106,0
DA:109,0
DA:110,0
DA:111,0
DA:114,0
DA:115,0
DA:116,0
DA:117,0
LF:52
LH:0
BRDA:51,0,0,0
BRDA:51,0,1,0
BRDA:83,1,0,0
BRDA:83,1,1,0
BRDA:96,2,0,0
BRDA:96,2,1,0
BRDA:92,3,0,0
BRDA:92,3,1,0
BRDA:117,4,0,0
BRDA:117,4,1,0
BRDA:109,5,0,0
BRDA:109,5,1,0
BRDA:68,6,0,0
BRDA:68,6,1,0
BRDA:9,7,0,0
BRDA:9,7,1,0
BRF:16
BRH:0
end_of_record
TN:
SF:src/lib/components/ServerInfo/ReviewPanel.svelte
FN:1,ReviewPanel
FN:30,copyToClipboard
FN:33,(anonymous_2)
FN:36,fetchReviews
FN:46,(anonymous_4)
FN:56,setupRealtime
FN:67,(anonymous_6)
FN:68,(anonymous_7)
FN:69,(anonymous_8)
FN:73,broadcastUpdate
FN:81,(anonymous_10)
FN:87,handleSubmit
FN:109,(anonymous_12)
FN:115,(anonymous_13)
FN:135,(anonymous_14)
FN:135,(anonymous_15)
FN:136,(anonymous_16)
FN:136,(anonymous_17)
FN:136,(anonymous_18)
FN:146,(anonymous_19)
FN:177,(anonymous_20)
FN:177,(anonymous_21)
FN:178,(anonymous_22)
FN:179,change
FN:201,(anonymous_24)
FN:211,(anonymous_25)
FN:198,get
FN:145,(anonymous_27)
FN:160,(anonymous_28)
FN:165,(anonymous_29)
FN:155,(anonymous_30)
FN:144,click
FNF:32
FNH:0
FNDA:0,ReviewPanel
FNDA:0,copyToClipboard
FNDA:0,(anonymous_2)
FNDA:0,fetchReviews
FNDA:0,(anonymous_4)
FNDA:0,setupRealtime
FNDA:0,(anonymous_6)
FNDA:0,(anonymous_7)
FNDA:0,(anonymous_8)
FNDA:0,broadcastUpdate
FNDA:0,(anonymous_10)
FNDA:0,handleSubmit
FNDA:0,(anonymous_12)
FNDA:0,(anonymous_13)
FNDA:0,(anonymous_14)
FNDA:0,(anonymous_15)
FNDA:0,(anonymous_16)
FNDA:0,(anonymous_17)
FNDA:0,(anonymous_18)
FNDA:0,(anonymous_19)
FNDA:0,(anonymous_20)
FNDA:0,(anonymous_21)
FNDA:0,(anonymous_22)
FNDA:0,change
FNDA:0,(anonymous_24)
FNDA:0,(anonymous_25)
FNDA:0,get
FNDA:0,(anonymous_27)
FNDA:0,(anonymous_28)
FNDA:0,(anonymous_29)
FNDA:0,(anonymous_30)
FNDA:0,click
DA:10,0
DA:11,0
DA:12,0
DA:13,0
DA:14,0
DA:15,0
DA:16,0
DA:17,0
DA:18,0
DA:19,0
DA:20,0
DA:22,0
DA:23,0
DA:25,0
DA:26,0
DA:27,0
DA:31,0
DA:32,0
DA:33,0
DA:37,0
DA:38,0
DA:43,0
DA:45,0
DA:46,0
DA:52,0
DA:57,0
DA:58,0
DA:61,0
DA:63,0
DA:67,0
DA:68,0
DA:69,0
DA:74,0
DA:81,0
DA:82,0
DA:83,0
DA:88,0
DA:90,0
DA:91,0
DA:93,0
DA:94,0
DA:104,0
DA:106,0
DA:107,0
DA:108,0
DA:109,0
DA:111,0
DA:112,0
DA:113,0
DA:114,0
DA:115,0
DA:116,0
DA:120,0
DA:121,0
DA:123,0
DA:128,0
DA:129,0
DA:130,0
DA:131,0
DA:135,0
DA:136,0
DA:141,0
DA:142,0
DA:143,0
DA:144,0
DA:145,0
DA:146,0
DA:147,0
DA:149,0
DA:152,0
DA:153,0
DA:155,0
DA:158,0
DA:160,0
DA:163,0
DA:165,0
DA:171,0
DA:172,0
DA:177,0
DA:179,0
DA:186,0
DA:191,0
DA:192,0
DA:198,0
DA:200,0
DA:201,0
DA:203,0
DA:204,0
DA:206,0
DA:207,0
DA:211,0
DA:217,0
DA:224,0
LF:93
LH:0
BRDA:43,0,0,0
BRDA:43,0,1,0
BRDA:45,1,0,0
BRDA:45,1,1,0
BRDA:48,2,0,0
BRDA:48,2,1,0
BRDA:49,3,0,0
BRDA:49,3,1,0
BRDA:57,4,0,0
BRDA:57,4,1,0
BRDA:82,5,0,0
BRDA:82,5,1,0
BRDA:88,6,0,0
BRDA:88,6,1,0
BRDA:88,7,0,0
BRDA:88,7,1,0
BRDA:104,8,0,0
BRDA:104,8,1,0
BRDA:22,9,0,0
BRDA:22,9,1,0
BRDA:25,10,0,0
BRDA:25,10,1,0
BRDA:130,11,0,0
BRDA:130,11,1,0
BRDA:183,12,0,0
BRDA:183,12,1,0
BRDA:201,13,0,0
BRDA:201,13,1,0
BRDA:201,14,0,0
BRDA:201,14,1,0
BRDA:200,15,0,0
BRDA:200,15,1,0
BRDA:200,16,0,0
BRDA:200,16,1,0
BRDA:203,17,0,0
BRDA:203,17,1,0
BRDA:206,18,0,0
BRDA:206,18,1,0
BRDA:217,19,0,0
BRDA:217,19,1,0
BRDA:211,20,0,0
BRDA:211,20,1,0
BRDA:172,21,0,0
BRDA:172,21,1,0
BRF:44
BRH:0
end_of_record
TN:
SF:src/lib/components/ServerInfo/ServerElement.svelte
FN:1,ServerElement
FN:14,goTo
FN:19,copyToClipboard
FN:22,(anonymous_3)
FN:25,saveOrUnsave
FN:53,loadSaved
FN:70,(anonymous_6)
FN:94,(anonymous_7)
FN:93,click
FN:78,(anonymous_9)
FN:80,(anonymous_10)
FN:90,(anonymous_11)
FN:97,click_1
FNF:13
FNH:0
FNDA:0,ServerElement
FNDA:0,goTo
FNDA:0,copyToClipboard
FNDA:0,(anonymous_3)
FNDA:0,saveOrUnsave
FNDA:0,loadSaved
FNDA:0,(anonymous_6)
FNDA:0,(anonymous_7)
FNDA:0,click
FNDA:0,(anonymous_9)
FNDA:0,(anonymous_10)
FNDA:0,(anonymous_11)
FNDA:0,click_1
DA:10,0
DA:11,0
DA:12,0
DA:15,0
DA:16,0
DA:20,0
DA:21,0
DA:22,0
DA:26,0
DA:27,0
DA:29,0
DA:33,0
DA:35,0
DA:38,0
DA:40,0
DA:46,0
DA:48,0
DA:54,0
DA:62,0
DA:64,0
DA:67,0
DA:70,0
DA:71,0
DA:72,0
DA:77,0
DA:78,0
DA:79,0
DA:80,0
DA:81,0
DA:82,0
DA:84,0
DA:87,0
DA:88,0
DA:90,0
DA:92,0
DA:93,0
DA:94,0
DA:97,0
LF:38
LH:0
BRDA:26,0,0,0
BRDA:26,0,1,0
BRDA:33,1,0,0
BRDA:33,1,1,0
BRDA:46,2,0,0
BRDA:46,2,1,0
BRDA:62,3,0,0
BRDA:62,3,1,0
BRDA:71,4,0,0
BRDA:71,4,1,0
BRDA:81,5,0,0
BRDA:81,5,1,0
BRDA:94,6,0,0
BRDA:94,6,1,0
BRDA:92,7,0,0
BRDA:92,7,1,0
BRF:16
BRH:0
end_of_record
TN:
SF:src/lib/components/ServerInfo/ServerPanel.svelte
FN:1,ServerPanel
FN:11,copyToClipboard
FN:14,(anonymous_2)
FN:7,(anonymous_3)
FN:38,(anonymous_4)
FN:7,(anonymous_5)
FN:36,click
FN:33,(anonymous_7)
FN:54,(anonymous_8)
FN:52,click_1
FN:70,(anonymous_10)
FN:69,(anonymous_11)
FN:68,click_2
FN:84,(anonymous_13)
FN:84,(anonymous_14)
FN:93,(anonymous_15)
FN:100,(anonymous_16)
FN:100,(anonymous_17)
FN:101,(anonymous_18)
FN:101,(anonymous_19)
FN:101,(anonymous_20)
FN:101,(anonymous_21)
FN:102,(anonymous_22)
FN:99,(anonymous_23)
FN:113,(anonymous_24)
FN:113,(anonymous_25)
FN:114,(anonymous_26)
FN:114,(anonymous_27)
FN:114,(anonymous_28)
FN:114,(anonymous_29)
FN:115,(anonymous_30)
FN:112,(anonymous_31)
FN:125,(anonymous_32)
FN:127,(anonymous_33)
FN:137,(anonymous_34)
FN:136,(anonymous_35)
FN:160,(anonymous_36)
FN:192,(anonymous_37)
FN:202,(anonymous_38)
FN:174,(anonymous_39)
FN:179,(anonymous_40)
FN:169,(anonymous_41)
FN:158,click_3
FNF:43
FNH:0
FNDA:0,ServerPanel
FNDA:0,copyToClipboard
FNDA:0,(anonymous_2)
FNDA:0,(anonymous_3)
FNDA:0,(anonymous_4)
FNDA:0,(anonymous_5)
FNDA:0,click
FNDA:0,(anonymous_7)
FNDA:0,(anonymous_8)
FNDA:0,click_1
FNDA:0,(anonymous_10)
FNDA:0,(anonymous_11)
FNDA:0,click_2
FNDA:0,(anonymous_13)
FNDA:0,(anonymous_14)
FNDA:0,(anonymous_15)
FNDA:0,(anonymous_16)
FNDA:0,(anonymous_17)
FNDA:0,(anonymous_18)
FNDA:0,(anonymous_19)
FNDA:0,(anonymous_20)
FNDA:0,(anonymous_21)
FNDA:0,(anonymous_22)
FNDA:0,(anonymous_23)
FNDA:0,(anonymous_24)
FNDA:0,(anonymous_25)
FNDA:0,(anonymous_26)
FNDA:0,(anonymous_27)
FNDA:0,(anonymous_28)
FNDA:0,(anonymous_29)
FNDA:0,(anonymous_30)
FNDA:0,(anonymous_31)
FNDA:0,(anonymous_32)
FNDA:0,(anonymous_33)
FNDA:0,(anonymous_34)
FNDA:0,(anonymous_35)
FNDA:0,(anonymous_36)
FNDA:0,(anonymous_37)
FNDA:0,(anonymous_38)
FNDA:0,(anonymous_39)
FNDA:0,(anonymous_40)
FNDA:0,(anonymous_41)
FNDA:0,click_3
DA:4,0
DA:6,0
DA:7,0
DA:9,0
DA:12,0
DA:13,0
DA:14,0
DA:18,0
DA:19,0
DA:20,0
DA:21,0
DA:22,0
DA:24,0
DA:25,0
DA:27,0
DA:31,0
DA:33,0
DA:34,0
DA:36,0
DA:37,0
DA:38,0
DA:39,0
DA:41,0
DA:47,0
DA:49,0
DA:50,0
DA:52,0
DA:53,0
DA:54,0
DA:55,0
DA:57,0
DA:63,0
DA:65,0
DA:66,0
DA:68,0
DA:69,0
DA:70,0
DA:71,0
DA:73,0
DA:79,0
DA:81,0
DA:82,0
DA:84,0
DA:88,0
DA:90,0
DA:91,0
DA:93,0
DA:97,0
DA:99,0
DA:100,0
DA:101,0
DA:102,0
DA:106,0
DA:110,0
DA:112,0
DA:113,0
DA:114,0
DA:115,0
DA:119,0
DA:123,0
DA:125,0
DA:126,0
DA:127,0
DA:128,0
DA:130,0
DA:134,0
DA:136,0
DA:137,0
DA:139,0
DA:143,0
DA:145,0
DA:146,0
DA:148,0
DA:155,0
DA:156,0
DA:157,0
DA:158,0
DA:159,0
DA:160,0
DA:161,0
DA:163,0
DA:166,0
DA:167,0
DA:169,0
DA:172,0
DA:174,0
DA:177,0
DA:179,0
DA:185,0
DA:186,0
DA:187,0
DA:188,0
DA:190,0
DA:191,0
DA:192,0
DA:195,0
DA:199,0
DA:201,0
DA:202,0
DA:204,0
LF:100
LH:0
BRDA:7,0,0,0
BRDA:7,0,1,0
BRDA:7,1,0,0
BRDA:7,1,1,0
BRDA:33,2,0,0
BRDA:33,2,1,0
BRDA:7,3,0,0
BRDA:7,3,1,0
BRDA:7,4,0,0
BRDA:7,4,1,0
BRDA:7,5,0,0
BRDA:7,5,1,0
BRDA:7,6,0,0
BRDA:7,6,1,0
BRDA:7,7,0,0
BRDA:7,7,1,0
BRDA:101,8,0,0
BRDA:101,8,1,0
BRDA:101,9,0,0
BRDA:101,9,1,0
BRDA:99,10,0,0
BRDA:99,10,1,0
BRDA:114,11,0,0
BRDA:114,11,1,0
BRDA:114,12,0,0
BRDA:114,12,1,0
BRDA:114,13,0,0
BRDA:114,13,1,0
BRDA:112,14,0,0
BRDA:112,14,1,0
BRDA:7,15,0,0
BRDA:7,15,1,0
BRDA:7,16,0,0
BRDA:7,16,1,0
BRDA:7,17,0,0
BRDA:7,17,1,0
BRDA:7,18,0,0
BRDA:7,18,1,0
BRF:38
BRH:0
end_of_record
TN:
SF:src/lib/pages/About.svelte
FNF:0
FNH:0
DA:1,0
LF:1
LH:0
BRF:0
BRH:0
end_of_record
TN:
SF:src/lib/pages/Account.svelte
FN:1,Account
FN:51,(anonymous_1)
FN:64,fetchProfile
FN:86,setMessage
FN:88,(anonymous_4)
FN:93,pushToast
FN:97,(anonymous_6)
FN:98,(anonymous_7)
FN:102,getPendingEmailKey
FN:106,refreshPendingEmail
FN:111,storePendingEmail
FN:117,clearPendingEmail
FN:123,checkEmailChangeCompletion
FN:132,clearPasswordFields
FN:141,avatarUrl
FN:145,previewAvatar
FN:151,syncEditValuesFromState
FN:160,clearMessages
FN:167,startEditing
FN:173,cancelEditing
FN:179,updateField
FN:259,saveAllChanges
FN:321,logout
FN:370,get
FN:376,(anonymous_24)
FN:379,(anonymous_25)
FN:379,(anonymous_26)
FN:378,(anonymous_27)
FN:390,get_2
FN:396,(anonymous_29)
FN:399,(anonymous_30)
FN:398,(anonymous_31)
FN:402,(anonymous_32)
FN:28,(anonymous_33)
FN:415,get_3
FN:420,click
FN:431,get_4
FN:436,click_1
FN:447,get_5
FN:452,click_2
FN:466,(anonymous_40)
FN:466,(anonymous_41)
FN:465,(anonymous_42)
FN:478,(anonymous_43)
FN:477,get_6
FN:481,(anonymous_45)
FN:484,(anonymous_46)
FN:484,(anonymous_47)
FN:483,(anonymous_48)
FN:510,(anonymous_49)
FN:503,(anonymous_50)
FN:503,(anonymous_51)
FN:498,get_7
FN:540,(anonymous_53)
FN:540,(anonymous_54)
FN:541,(anonymous_55)
FN:541,(anonymous_56)
FN:542,(anonymous_57)
FN:541,(anonymous_58)
FNF:59
FNH:0
FNDA:0,Account
FNDA:0,(anonymous_1)
FNDA:0,fetchProfile
FNDA:0,setMessage
FNDA:0,(anonymous_4)
FNDA:0,pushToast
FNDA:0,(anonymous_6)
FNDA:0,(anonymous_7)
FNDA:0,getPendingEmailKey
FNDA:0,refreshPendingEmail
FNDA:0,storePendingEmail
FNDA:0,clearPendingEmail
FNDA:0,checkEmailChangeCompletion
FNDA:0,clearPasswordFields
FNDA:0,avatarUrl
FNDA:0,previewAvatar
FNDA:0,syncEditValuesFromState
FNDA:0,clearMessages
FNDA:0,startEditing
FNDA:0,cancelEditing
FNDA:0,updateField
FNDA:0,saveAllChanges
FNDA:0,logout
FNDA:0,get
FNDA:0,(anonymous_24)
FNDA:0,(anonymous_25)
FNDA:0,(anonymous_26)
FNDA:0,(anonymous_27)
FNDA:0,get_2
FNDA:0,(anonymous_29)
FNDA:0,(anonymous_30)
FNDA:0,(anonymous_31)
FNDA:0,(anonymous_32)
FNDA:0,(anonymous_33)
FNDA:0,get_3
FNDA:0,click
FNDA:0,get_4
FNDA:0,click_1
FNDA:0,get_5
FNDA:0,click_2
FNDA:0,(anonymous_40)
FNDA:0,(anonymous_41)
FNDA:0,(anonymous_42)
FNDA:0,(anonymous_43)
FNDA:0,get_6
FNDA:0,(anonymous_45)
FNDA:0,(anonymous_46)
FNDA:0,(anonymous_47)
FNDA:0,(anonymous_48)
FNDA:0,(anonymous_49)
FNDA:0,(anonymous_50)
FNDA:0,(anonymous_51)
FNDA:0,get_7
FNDA:0,(anonymous_53)
FNDA:0,(anonymous_54)
FNDA:0,(anonymous_55)
FNDA:0,(anonymous_56)
FNDA:0,(anonymous_57)
FNDA:0,(anonymous_58)
DA:9,0
DA:10,0
DA:11,0
DA:12,0
DA:13,0
DA:16,0
DA:28,0
DA:41,0
DA:42,0
DA:43,0
DA:44,0
DA:45,0
DA:46,0
DA:47,0
DA:48,0
DA:49,0
DA:51,0
DA:52,0
DA:53,0
DA:54,0
DA:56,0
DA:57,0
DA:58,0
DA:59,0
DA:60,0
DA:61,0
DA:65,0
DA:71,0
DA:72,0
DA:73,0
DA:74,0
DA:75,0
DA:76,0
DA:77,0
DA:87,0
DA:88,0
DA:89,0
DA:94,0
DA:95,0
DA:97,0
DA:98,0
DA:103,0
DA:107,0
DA:108,0
DA:112,0
DA:113,0
DA:114,0
DA:118,0
DA:119,0
DA:120,0
DA:124,0
DA:125,0
DA:127,0
DA:128,0
DA:129,0
DA:133,0
DA:134,0
DA:135,0
DA:136,0
DA:137,0
DA:138,0
DA:142,0
DA:146,0
DA:147,0
DA:148,0
DA:152,0
DA:153,0
DA:154,0
DA:155,0
DA:156,0
DA:157,0
DA:161,0
DA:162,0
DA:163,0
DA:164,0
DA:168,0
DA:169,0
DA:170,0
DA:174,0
DA:175,0
DA:176,0
DA:180,0
DA:181,0
DA:182,0
DA:183,0
DA:184,0
DA:185,0
DA:187,0
DA:191,0
DA:192,0
DA:193,0
DA:194,0
DA:195,0
DA:197,0
DA:198,0
DA:199,0
DA:200,0
DA:201,0
DA:203,0
DA:204,0
DA:205,0
DA:206,0
DA:207,0
DA:208,0
DA:210,0
DA:211,0
DA:212,0
DA:213,0
DA:215,0
DA:216,0
DA:217,0
DA:218,0
DA:219,0
DA:221,0
DA:225,0
DA:227,0
DA:228,0
DA:229,0
DA:230,0
DA:231,0
DA:232,0
DA:233,0
DA:234,0
DA:235,0
DA:236,0
DA:238,0
DA:239,0
DA:241,0
DA:245,0
DA:246,0
DA:247,0
DA:248,0
DA:249,0
DA:252,0
DA:253,0
DA:255,0
DA:260,0
DA:261,0
DA:263,0
DA:264,0
DA:265,0
DA:270,0
DA:271,0
DA:273,0
DA:274,0
DA:275,0
DA:276,0
DA:279,0
DA:280,0
DA:281,0
DA:284,0
DA:285,0
DA:286,0
DA:289,0
DA:290,0
DA:291,0
DA:294,0
DA:295,0
DA:296,0
DA:297,0
DA:301,0
DA:302,0
DA:303,0
DA:304,0
DA:307,0
DA:308,0
DA:309,0
DA:312,0
DA:313,0
DA:317,0
DA:322,0
DA:323,0
DA:324,0
DA:325,0
DA:327,0
DA:330,0
DA:331,0
DA:335,0
DA:336,0
DA:343,0
DA:344,0
DA:351,0
DA:352,0
DA:353,0
DA:354,0
DA:356,0
DA:357,0
DA:358,0
DA:362,0
DA:363,0
DA:368,0
DA:369,0
DA:370,0
DA:376,0
DA:378,0
DA:379,0
DA:383,0
DA:388,0
DA:389,0
DA:390,0
DA:396,0
DA:398,0
DA:399,0
DA:401,0
DA:402,0
DA:406,0
DA:411,0
DA:412,0
DA:413,0
DA:414,0
DA:415,0
DA:420,0
DA:423,0
DA:426,0
DA:429,0
DA:430,0
DA:431,0
DA:436,0
DA:439,0
DA:442,0
DA:445,0
DA:446,0
DA:447,0
DA:452,0
DA:455,0
DA:458,0
DA:463,0
DA:465,0
DA:466,0
DA:470,0
DA:471,0
DA:473,0
DA:475,0
DA:476,0
DA:477,0
DA:478,0
DA:481,0
DA:483,0
DA:484,0
DA:488,0
DA:489,0
DA:494,0
DA:495,0
DA:497,0
DA:498,0
DA:503,0
DA:507,0
DA:508,0
DA:509,0
DA:510,0
DA:518,0
DA:523,0
DA:527,0
DA:528,0
DA:529,0
DA:532,0
DA:533,0
DA:540,0
DA:541,0
DA:542,0
DA:543,0
LF:261
LH:0
BRDA:52,0,0,0
BRDA:52,0,1,0
BRDA:71,1,0,0
BRDA:71,1,1,0
BRDA:72,2,0,0
BRDA:72,2,1,0
BRDA:73,3,0,0
BRDA:73,3,1,0
BRDA:74,4,0,0
BRDA:74,4,1,0
BRDA:75,5,0,0
BRDA:75,5,1,0
BRDA:93,6,0,0
BRDA:107,7,0,0
BRDA:107,7,1,0
BRDA:107,8,0,0
BRDA:107,8,1,0
BRDA:108,9,0,0
BRDA:108,9,1,0
BRDA:112,10,0,0
BRDA:112,10,1,0
BRDA:112,11,0,0
BRDA:112,11,1,0
BRDA:118,12,0,0
BRDA:118,12,1,0
BRDA:118,13,0,0
BRDA:118,13,1,0
BRDA:124,14,0,0
BRDA:124,14,1,0
BRDA:124,15,0,0
BRDA:124,15,1,0
BRDA:125,16,0,0
BRDA:125,16,1,0
BRDA:147,17,0,0
BRDA:147,17,1,0
BRDA:182,18,0,0
BRDA:182,18,1,0
BRDA:184,19,0,0
BRDA:184,19,1,0
BRDA:185,20,0,0
BRDA:185,20,1,0
BRDA:191,21,0,0
BRDA:191,21,1,0
BRDA:197,22,0,0
BRDA:197,22,1,0
BRDA:199,23,0,0
BRDA:199,23,1,0
BRDA:200,24,0,0
BRDA:200,24,1,0
BRDA:201,25,0,0
BRDA:201,25,1,0
BRDA:203,26,0,0
BRDA:203,26,1,0
BRDA:205,27,0,0
BRDA:205,27,1,0
BRDA:210,28,0,0
BRDA:210,28,1,0
BRDA:215,29,0,0
BRDA:215,29,1,0
BRDA:216,30,0,0
BRDA:216,30,1,0
BRDA:217,31,0,0
BRDA:217,31,1,0
BRDA:218,32,0,0
BRDA:218,32,1,0
BRDA:219,33,0,0
BRDA:219,33,1,0
BRDA:225,34,0,0
BRDA:225,34,1,0
BRDA:228,35,0,0
BRDA:228,35,1,0
BRDA:238,36,0,0
BRDA:238,36,1,0
BRDA:239,37,0,0
BRDA:239,37,1,0
BRDA:245,38,0,0
BRDA:245,38,1,0
BRDA:247,39,0,0
BRDA:247,39,1,0
BRDA:252,40,0,0
BRDA:252,40,1,0
BRDA:265,41,0,0
BRDA:265,41,1,0
BRDA:265,41,2,0
BRDA:274,42,0,0
BRDA:274,42,1,0
BRDA:279,43,0,0
BRDA:279,43,1,0
BRDA:279,44,0,0
BRDA:279,44,1,0
BRDA:284,45,0,0
BRDA:284,45,1,0
BRDA:289,46,0,0
BRDA:289,46,1,0
BRDA:294,47,0,0
BRDA:294,47,1,0
BRDA:301,48,0,0
BRDA:301,48,1,0
BRDA:307,49,0,0
BRDA:307,49,1,0
BRDA:317,50,0,0
BRDA:317,50,1,0
BRDA:324,51,0,0
BRDA:324,51,1,0
BRDA:330,52,0,0
BRDA:330,52,1,0
BRDA:343,53,0,0
BRDA:343,53,1,0
BRDA:368,54,0,0
BRDA:368,54,1,0
BRDA:379,55,0,0
BRDA:379,55,1,0
BRDA:388,56,0,0
BRDA:388,56,1,0
BRDA:399,57,0,0
BRDA:399,57,1,0
BRDA:398,58,0,0
BRDA:398,58,1,0
BRDA:402,59,0,0
BRDA:402,59,1,0
BRDA:28,60,0,0
BRDA:28,60,1,0
BRDA:414,61,0,0
BRDA:414,61,1,0
BRDA:420,62,0,0
BRDA:420,62,1,0
BRDA:426,63,0,0
BRDA:426,63,1,0
BRDA:430,64,0,0
BRDA:430,64,1,0
BRDA:436,65,0,0
BRDA:436,65,1,0
BRDA:442,66,0,0
BRDA:442,66,1,0
BRDA:446,67,0,0
BRDA:446,67,1,0
BRDA:452,68,0,0
BRDA:452,68,1,0
BRDA:458,69,0,0
BRDA:458,69,1,0
BRDA:411,70,0,0
BRDA:411,70,1,0
BRDA:466,71,0,0
BRDA:466,71,1,0
BRDA:478,72,0,0
BRDA:478,72,1,0
BRDA:481,73,0,0
BRDA:481,73,1,0
BRDA:475,74,0,0
BRDA:475,74,1,0
BRDA:484,75,0,0
BRDA:484,75,1,0
BRDA:507,76,0,0
BRDA:507,76,1,0
BRDA:488,77,0,0
BRDA:488,77,1,0
BRDA:533,78,0,0
BRDA:533,78,1,0
BRDA:527,79,0,0
BRDA:527,79,1,0
BRDA:542,80,0,0
BRDA:542,80,1,0
BRDA:354,81,0,0
BRDA:354,81,1,0
BRDA:473,82,0,0
BRDA:473,82,1,0
BRDA:523,83,0,0
BRDA:523,83,1,0
BRF:168
BRH:0
end_of_record
TN:
SF:src/lib/pages/Contact.svelte
FN:1,Contact
FN:20,sendEmail
FN:48,(anonymous_2)
FN:51,(anonymous_3)
FN:57,(anonymous_4)
FN:139,(anonymous_5)
FN:149,(anonymous_6)
FN:96,get
FN:107,get_2
FN:118,get_3
FN:129,get_4
FNF:11
FNH:0
FNDA:0,Contact
FNDA:0,sendEmail
FNDA:0,(anonymous_2)
FNDA:0,(anonymous_3)
FNDA:0,(anonymous_4)
FNDA:0,(anonymous_5)
FNDA:0,(anonymous_6)
FNDA:0,get
FNDA:0,get_2
FNDA:0,get_3
FNDA:0,get_4
DA:5,0
DA:6,0
DA:8,0
DA:9,0
DA:10,0
DA:11,0
DA:13,0
DA:18,0
DA:21,0
DA:23,0
DA:24,0
DA:27,0
DA:28,0
DA:29,0
DA:31,0
DA:32,0
DA:42,0
DA:43,0
DA:44,0
DA:45,0
DA:46,0
DA:47,0
DA:48,0
DA:50,0
DA:51,0
DA:53,0
DA:57,0
DA:58,0
DA:59,0
DA:60,0
DA:61,0
DA:65,0
DA:68,0
DA:69,0
DA:76,0
DA:78,0
DA:85,0
DA:88,0
DA:89,0
DA:93,0
DA:95,0
DA:96,0
DA:104,0
DA:106,0
DA:107,0
DA:115,0
DA:117,0
DA:118,0
DA:126,0
DA:128,0
DA:129,0
DA:138,0
DA:139,0
DA:141,0
DA:142,0
DA:144,0
DA:145,0
DA:149,0
DA:153,0
LF:59
LH:0
BRDA:23,0,0,0
BRDA:23,0,1,0
BRDA:23,1,0,0
BRDA:23,1,1,0
BRDA:42,2,0,0
BRDA:42,2,1,0
BRDA:13,3,0,0
BRDA:13,3,1,0
BRDA:13,3,2,0
BRDA:13,3,3,0
BRDA:139,4,0,0
BRDA:139,4,1,0
BRDA:139,5,0,0
BRDA:139,5,1,0
BRDA:138,6,0,0
BRDA:138,6,1,0
BRDA:138,7,0,0
BRDA:138,7,1,0
BRDA:138,7,2,0
BRDA:141,8,0,0
BRDA:141,8,1,0
BRDA:144,9,0,0
BRDA:144,9,1,0
BRDA:153,10,0,0
BRDA:153,10,1,0
BRDA:149,11,0,0
BRDA:149,11,1,0
BRF:27
BRH:0
end_of_record
TN:
SF:src/lib/pages/Dashboard.svelte
FN:1,Dashboard
FN:12,(anonymous_1)
FN:82,(anonymous_2)
FN:83,(anonymous_3)
FN:84,(anonymous_4)
FN:36,(anonymous_5)
FNF:6
FNH:0
FNDA:0,Dashboard
FNDA:0,(anonymous_1)
FNDA:0,(anonymous_2)
FNDA:0,(anonymous_3)
FNDA:0,(anonymous_4)
FNDA:0,(anonymous_5)
DA:7,0
DA:8,0
DA:9,0
DA:10,0
DA:12,0
DA:13,0
DA:14,0
DA:16,0
DA:22,0
DA:23,0
DA:25,0
DA:26,0
DA:27,0
DA:30,0
DA:34,0
DA:35,0
DA:36,0
DA:42,0
DA:43,0
DA:44,0
DA:48,0
DA:49,0
DA:51,0
DA:53,0
DA:56,0
DA:58,0
DA:60,0
DA:63,0
DA:65,0
DA:67,0
DA:81,0
DA:82,0
DA:83,0
DA:84,0
LF:34
LH:0
BRDA:14,0,0,0
BRDA:14,0,1,0
BRDA:22,1,0,0
BRDA:22,1,1,0
BRDA:23,2,0,0
BRDA:23,2,1,0
BRDA:25,3,0,0
BRDA:25,3,1,0
BRDA:67,4,0,0
BRDA:67,4,1,0
BRDA:43,5,0,0
BRDA:43,5,1,0
BRF:12
BRH:0
end_of_record
TN:
SF:src/lib/pages/Home.svelte
FN:1,Home
FN:24,(anonymous_1)
FN:25,(anonymous_2)
FN:26,(anonymous_3)
FNF:4
FNH:0
FNDA:0,Home
FNDA:0,(anonymous_1)
FNDA:0,(anonymous_2)
FNDA:0,(anonymous_3)
DA:18,0
DA:23,0
DA:24,0
DA:25,0
DA:26,0
LF:5
LH:0
BRF:0
BRH:0
end_of_record
TN:
SF:src/lib/pages/Login.svelte
FN:1,Login
FN:10,login
FN:39,(anonymous_2)
FN:67,(anonymous_3)
FN:53,get
FN:59,get_2
FNF:6
FNH:0
FNDA:0,Login
FNDA:0,login
FNDA:0,(anonymous_2)
FNDA:0,(anonymous_3)
FNDA:0,get
FNDA:0,get_2
DA:7,0
DA:8,0
DA:11,0
DA:12,0
DA:14,0
DA:19,0
DA:20,0
DA:21,0
DA:22,0
DA:23,0
DA:24,0
DA:27,0
DA:29,0
DA:30,0
DA:31,0
DA:32,0
DA:35,0
DA:36,0
DA:39,0
DA:40,0
DA:41,0
DA:45,0
DA:49,0
DA:50,0
DA:51,0
DA:53,0
DA:57,0
DA:59,0
DA:62,0
DA:63,0
DA:66,0
DA:67,0
DA:68,0
LF:33
LH:0
BRDA:19,0,0,0
BRDA:19,0,1,0
BRDA:29,1,0,0
BRDA:29,1,1,0
BRDA:62,2,0,0
BRDA:62,2,1,0
BRDA:68,3,0,0
BRDA:68,3,1,0
BRDA:68,4,0,0
BRDA:68,4,1,0
BRF:10
BRH:0
end_of_record
TN:
SF:src/lib/pages/Signup.svelte
FN:1,Signup
FN:10,openModal
FN:14,closeModal
FN:19,signup
FN:44,(anonymous_4)
FN:92,(anonymous_5)
FN:96,(anonymous_6)
FN:59,get
FN:68,get_2
FN:79,get_3
FNF:10
FNH:0
FNDA:0,Signup
FNDA:0,openModal
FNDA:0,closeModal
FNDA:0,signup
FNDA:0,(anonymous_4)
FNDA:0,(anonymous_5)
FNDA:0,(anonymous_6)
FNDA:0,get
FNDA:0,get_2
FNDA:0,get_3
DA:7,0
DA:8,0
DA:11,0
DA:15,0
DA:16,0
DA:20,0
DA:21,0
DA:23,0
DA:34,0
DA:35,0
DA:36,0
DA:37,0
DA:40,0
DA:41,0
DA:44,0
DA:45,0
DA:46,0
DA:47,0
DA:51,0
DA:55,0
DA:56,0
DA:57,0
DA:59,0
DA:66,0
DA:68,0
DA:77,0
DA:79,0
DA:91,0
DA:92,0
DA:94,0
DA:96,0
DA:97,0
DA:112,0
DA:113,0
DA:115,0
DA:116,0
LF:36
LH:0
BRDA:34,0,0,0
BRDA:34,0,1,0
BRDA:35,1,0,0
BRDA:35,1,1,0
BRDA:91,2,0,0
BRDA:91,2,1,0
BRDA:97,3,0,0
BRDA:97,3,1,0
BRF:8
BRH:0
end_of_record
TN:
SF:src/lib/pages/features/Explore.svelte
FN:1,Explore
FN:20,getServerData
FN:32,getSavedServers
FN:46,viewSaved
FN:50,(anonymous_4)
FN:53,(anonymous_5)
FN:16,(anonymous_6)
FN:78,(anonymous_7)
FN:78,click
FN:89,(anonymous_9)
FN:91,(anonymous_10)
FN:91,(anonymous_11)
FN:92,(anonymous_12)
FN:88,(anonymous_13)
FN:97,(anonymous_14)
FN:97,(anonymous_15)
FN:98,(anonymous_16)
FN:75,get
FNF:18
FNH:0
FNDA:0,Explore
FNDA:0,getServerData
FNDA:0,getSavedServers
FNDA:0,viewSaved
FNDA:0,(anonymous_4)
FNDA:0,(anonymous_5)
FNDA:0,(anonymous_6)
FNDA:0,(anonymous_7)
FNDA:0,click
FNDA:0,(anonymous_9)
FNDA:0,(anonymous_10)
FNDA:0,(anonymous_11)
FNDA:0,(anonymous_12)
FNDA:0,(anonymous_13)
FNDA:0,(anonymous_14)
FNDA:0,(anonymous_15)
FNDA:0,(anonymous_16)
FNDA:0,get
DA:9,0
DA:10,0
DA:11,0
DA:12,0
DA:13,0
DA:14,0
DA:16,0
DA:17,0
DA:21,0
DA:25,0
DA:28,0
DA:33,0
DA:38,0
DA:41,0
DA:42,0
DA:47,0
DA:50,0
DA:51,0
DA:52,0
DA:53,0
DA:54,0
DA:57,0
DA:58,0
DA:61,0
DA:62,0
DA:75,0
DA:77,0
DA:78,0
DA:83,0
DA:84,0
DA:85,0
DA:86,0
DA:87,0
DA:88,0
DA:89,0
DA:91,0
DA:92,0
DA:97,0
DA:99,0
LF:39
LH:0
BRDA:25,0,0,0
BRDA:25,0,1,0
BRDA:28,1,0,0
BRDA:28,1,1,0
BRDA:38,2,0,0
BRDA:38,2,1,0
BRDA:41,3,0,0
BRDA:41,3,1,0
BRDA:52,4,0,0
BRDA:52,4,1,0
BRDA:16,5,0,0
BRDA:16,5,1,0
BRDA:78,6,0,0
BRDA:78,6,1,0
BRDA:77,7,0,0
BRDA:77,7,1,0
BRDA:89,8,0,0
BRDA:89,8,1,0
BRDA:86,9,0,0
BRDA:86,9,1,0
BRDA:86,10,0,0
BRDA:86,10,1,0
BRDA:84,11,0,0
BRDA:84,11,1,0
BRF:24
BRH:0
end_of_record
TN:
SF:src/lib/pages/features/Profiles.svelte
FN:1,Profiles
FN:28,(anonymous_1)
FN:39,loadMyProfile
FN:48,loadSavedServers
FN:56,loadMyReviews
FN:62,(anonymous_5)
FN:70,loadPublicProfiles
FN:78,toggleVisibility
FN:95,showVisibilityToast
FN:97,(anonymous_9)
FN:100,handleReviewDeleted
FN:101,(anonymous_11)
FN:140,(anonymous_12)
FN:156,(anonymous_13)
FN:156,(anonymous_14)
FN:157,(anonymous_15)
FN:162,(anonymous_16)
FN:162,(anonymous_17)
FN:163,(anonymous_18)
FN:188,(anonymous_19)
FN:188,(anonymous_20)
FN:191,(anonymous_21)
FN:189,(anonymous_22)
FN:199,(anonymous_23)
FN:199,(anonymous_24)
FN:200,(anonymous_25)
FN:225,(anonymous_26)
FN:225,(anonymous_27)
FN:226,(anonymous_28)
FN:231,(anonymous_29)
FN:231,(anonymous_30)
FN:232,(anonymous_31)
FNF:32
FNH:0
FNDA:0,Profiles
FNDA:0,(anonymous_1)
FNDA:0,loadMyProfile
FNDA:0,loadSavedServers
FNDA:0,loadMyReviews
FNDA:0,(anonymous_5)
FNDA:0,loadPublicProfiles
FNDA:0,toggleVisibility
FNDA:0,showVisibilityToast
FNDA:0,(anonymous_9)
FNDA:0,handleReviewDeleted
FNDA:0,(anonymous_11)
FNDA:0,(anonymous_12)
FNDA:0,(anonymous_13)
FNDA:0,(anonymous_14)
FNDA:0,(anonymous_15)
FNDA:0,(anonymous_16)
FNDA:0,(anonymous_17)
FNDA:0,(anonymous_18)
FNDA:0,(anonymous_19)
FNDA:0,(anonymous_20)
FNDA:0,(anonymous_21)
FNDA:0,(anonymous_22)
FNDA:0,(anonymous_23)
FNDA:0,(anonymous_24)
FNDA:0,(anonymous_25)
FNDA:0,(anonymous_26)
FNDA:0,(anonymous_27)
FNDA:0,(anonymous_28)
FNDA:0,(anonymous_29)
FNDA:0,(anonymous_30)
FNDA:0,(anonymous_31)
DA:15,0
DA:16,0
DA:17,0
DA:18,0
DA:19,0
DA:22,0
DA:25,0
DA:26,0
DA:28,0
DA:29,0
DA:35,0
DA:36,0
DA:40,0
DA:45,0
DA:49,0
DA:53,0
DA:57,0
DA:61,0
DA:62,0
DA:71,0
DA:75,0
DA:79,0
DA:80,0
DA:81,0
DA:86,0
DA:87,0
DA:88,0
DA:90,0
DA:92,0
DA:96,0
DA:97,0
DA:101,0
DA:105,0
DA:111,0
DA:112,0
DA:115,0
DA:116,0
DA:119,0
DA:120,0
DA:121,0
DA:122,0
DA:125,0
DA:126,0
DA:131,0
DA:132,0
DA:134,0
DA:139,0
DA:140,0
DA:141,0
DA:146,0
DA:149,0
DA:151,0
DA:152,0
DA:153,0
DA:154,0
DA:156,0
DA:157,0
DA:162,0
DA:164,0
DA:181,0
DA:183,0
DA:184,0
DA:185,0
DA:186,0
DA:188,0
DA:189,0
DA:190,0
DA:191,0
DA:192,0
DA:199,0
DA:201,0
DA:219,0
DA:220,0
DA:221,0
DA:222,0
DA:223,0
DA:225,0
DA:226,0
DA:231,0
DA:233,0
LF:80
LH:0
BRDA:45,0,0,0
BRDA:45,0,1,0
BRDA:45,1,0,0
BRDA:45,1,1,0
BRDA:53,2,0,0
BRDA:53,2,1,0
BRDA:61,3,0,0
BRDA:61,3,1,0
BRDA:64,4,0,0
BRDA:64,4,1,0
BRDA:65,5,0,0
BRDA:65,5,1,0
BRDA:75,6,0,0
BRDA:75,6,1,0
BRDA:86,7,0,0
BRDA:86,7,1,0
BRDA:88,8,0,0
BRDA:88,8,1,0
BRDA:131,9,0,0
BRDA:131,9,1,0
BRDA:140,10,0,0
BRDA:140,10,1,0
BRDA:139,11,0,0
BRDA:139,11,1,0
BRDA:153,12,0,0
BRDA:153,12,1,0
BRDA:151,13,0,0
BRDA:151,13,1,0
BRDA:191,14,0,0
BRDA:191,14,1,0
BRDA:185,15,0,0
BRDA:185,15,1,0
BRDA:183,16,0,0
BRDA:183,16,1,0
BRDA:222,17,0,0
BRDA:222,17,1,0
BRDA:220,18,0,0
BRDA:220,18,1,0
BRDA:122,19,0,0
BRDA:122,19,1,0
BRDA:126,20,0,0
BRDA:126,20,1,0
BRDA:134,21,0,0
BRDA:134,21,1,0
BRF:44
BRH:0
end_of_record
TN:
SF:src/lib/pages/features/ServerInfo.svelte
FN:1,ServerInfo
FN:15,(anonymous_1)
FN:130,(anonymous_2)
FN:135,(anonymous_3)
FN:152,(anonymous_4)
FN:157,(anonymous_5)
FN:177,(anonymous_6)
FN:177,(anonymous_7)
FN:178,(anonymous_8)
FN:208,(anonymous_9)
FN:208,(anonymous_10)
FN:209,(anonymous_11)
FNF:12
FNH:0
FNDA:0,ServerInfo
FNDA:0,(anonymous_1)
FNDA:0,(anonymous_2)
FNDA:0,(anonymous_3)
FNDA:0,(anonymous_4)
FNDA:0,(anonymous_5)
FNDA:0,(anonymous_6)
FNDA:0,(anonymous_7)
FNDA:0,(anonymous_8)
FNDA:0,(anonymous_9)
FNDA:0,(anonymous_10)
FNDA:0,(anonymous_11)
DA:11,0
DA:12,0
DA:13,0
DA:15,0
DA:16,0
DA:18,0
DA:19,0
DA:20,0
DA:22,0
DA:23,0
DA:24,0
DA:25,0
DA:30,0
DA:32,0
DA:33,0
DA:36,0
DA:37,0
DA:43,0
DA:45,0
DA:46,0
DA:49,0
DA:50,0
DA:53,0
DA:54,0
DA:58,0
DA:59,0
DA:62,0
DA:63,0
DA:64,0
DA:65,0
DA:67,0
DA:69,0
DA:70,0
DA:96,0
DA:97,0
DA:100,0
DA:102,0
DA:130,0
DA:131,0
DA:135,0
DA:136,0
DA:137,0
DA:141,0
DA:142,0
DA:143,0
DA:149,0
DA:150,0
DA:151,0
DA:152,0
DA:156,0
DA:157,0
DA:162,0
DA:163,0
DA:170,0
DA:171,0
DA:172,0
DA:173,0
DA:175,0
DA:176,0
DA:177,0
DA:179,0
DA:188,0
DA:206,0
DA:207,0
DA:208,0
DA:210,0
LF:66
LH:0
BRDA:18,0,0,0
BRDA:18,0,1,0
BRDA:19,1,0,0
BRDA:19,1,1,0
BRDA:23,2,0,0
BRDA:23,2,1,0
BRDA:24,3,0,0
BRDA:24,3,1,0
BRDA:24,4,0,0
BRDA:24,4,1,0
BRDA:30,5,0,0
BRDA:30,5,1,0
BRDA:43,6,0,0
BRDA:43,6,1,0
BRDA:49,7,0,0
BRDA:49,7,1,0
BRDA:64,8,0,0
BRDA:64,8,1,0
BRDA:69,9,0,0
BRDA:69,9,1,0
BRDA:69,10,0,0
BRDA:69,10,1,0
BRDA:96,11,0,0
BRDA:96,11,1,0
BRDA:96,12,0,0
BRDA:96,12,1,0
BRDA:96,12,2,0
BRDA:142,13,0,0
BRDA:142,13,1,0
BRDA:142,14,0,0
BRDA:142,14,1,0
BRDA:142,14,2,0
BRF:32
BRH:0
end_of_record
TN:
SF:src/lib/pages/features/Status.svelte
FN:1,Status
FN:10,initServerData
FN:101,(anonymous_2)
FN:106,(anonymous_3)
FN:137,(anonymous_4)
FN:153,(anonymous_5)
FN:154,(anonymous_6)
FN:155,(anonymous_7)
FN:158,(anonymous_8)
FN:158,(anonymous_9)
FN:159,(anonymous_10)
FN:163,(anonymous_11)
FN:163,(anonymous_12)
FN:164,(anonymous_13)
FN:142,(anonymous_14)
FN:118,get
FN:127,get_2
FNF:17
FNH:0
FNDA:0,Status
FNDA:0,initServerData
FNDA:0,(anonymous_2)
FNDA:0,(anonymous_3)
FNDA:0,(anonymous_4)
FNDA:0,(anonymous_5)
FNDA:0,(anonymous_6)
FNDA:0,(anonymous_7)
FNDA:0,(anonymous_8)
FNDA:0,(anonymous_9)
FNDA:0,(anonymous_10)
FNDA:0,(anonymous_11)
FNDA:0,(anonymous_12)
FNDA:0,(anonymous_13)
FNDA:0,(anonymous_14)
FNDA:0,get
FNDA:0,get_2
DA:8,0
DA:11,0
DA:12,0
DA:14,0
DA:15,0
DA:16,0
DA:17,0
DA:19,0
DA:21,0
DA:22,0
DA:48,0
DA:49,0
DA:52,0
DA:54,0
DA:56,0
DA:57,0
DA:68,0
DA:70,0
DA:74,0
DA:101,0
DA:102,0
DA:106,0
DA:107,0
DA:108,0
DA:109,0
DA:113,0
DA:116,0
DA:117,0
DA:118,0
DA:126,0
DA:127,0
DA:135,0
DA:136,0
DA:137,0
DA:141,0
DA:142,0
DA:143,0
DA:151,0
DA:152,0
DA:153,0
DA:154,0
DA:155,0
DA:157,0
DA:158,0
DA:160,0
DA:161,0
DA:163,0
DA:165,0
LF:48
LH:0
BRDA:16,0,0,0
BRDA:16,0,1,0
BRDA:21,1,0,0
BRDA:21,1,1,0
BRDA:21,2,0,0
BRDA:21,2,1,0
BRDA:48,3,0,0
BRDA:48,3,1,0
BRDA:48,4,0,0
BRDA:48,4,1,0
BRDA:48,4,2,0
BRDA:54,5,0,0
BRDA:54,5,1,0
BRDA:56,6,0,0
BRDA:56,6,1,0
BRDA:56,7,0,0
BRDA:56,7,1,0
BRDA:56,7,2,0
BRDA:56,7,3,0
BRDA:68,8,0,0
BRDA:68,8,1,0
BRDA:137,9,0,0
BRDA:137,9,1,0
BRDA:135,10,0,0
BRDA:135,10,1,0
BRDA:143,11,0,0
BRDA:143,11,1,0
BRDA:151,12,0,0
BRDA:151,12,1,0
BRDA:151,13,0,0
BRDA:151,13,1,0
BRDA:151,14,0,0
BRDA:151,14,1,0
BRF:33
BRH:0
end_of_record
TN:
SF:src/lib/pages/features/UserProfile.svelte
FN:1,UserProfile
FN:19,(anonymous_1)
FN:53,(anonymous_2)
FN:97,(anonymous_3)
FN:97,(anonymous_4)
FN:98,(anonymous_5)
FN:117,(anonymous_6)
FN:117,(anonymous_7)
FN:118,(anonymous_8)
FN:114,(anonymous_9)
FN:129,(anonymous_10)
FN:129,(anonymous_11)
FN:130,(anonymous_12)
FN:146,(anonymous_13)
FN:146,(anonymous_14)
FN:147,(anonymous_15)
FN:147,(anonymous_16)
FN:146,(anonymous_17)
FN:143,(anonymous_18)
FN:68,click
FNF:20
FNH:0
FNDA:0,UserProfile
FNDA:0,(anonymous_1)
FNDA:0,(anonymous_2)
FNDA:0,(anonymous_3)
FNDA:0,(anonymous_4)
FNDA:0,(anonymous_5)
FNDA:0,(anonymous_6)
FNDA:0,(anonymous_7)
FNDA:0,(anonymous_8)
FNDA:0,(anonymous_9)
FNDA:0,(anonymous_10)
FNDA:0,(anonymous_11)
FNDA:0,(anonymous_12)
FNDA:0,(anonymous_13)
FNDA:0,(anonymous_14)
FNDA:0,(anonymous_15)
FNDA:0,(anonymous_16)
FNDA:0,(anonymous_17)
FNDA:0,(anonymous_18)
FNDA:0,click
DA:11,0
DA:13,0
DA:14,0
DA:15,0
DA:16,0
DA:17,0
DA:19,0
DA:20,0
DA:22,0
DA:28,0
DA:29,0
DA:30,0
DA:33,0
DA:34,0
DA:36,0
DA:47,0
DA:48,0
DA:51,0
DA:52,0
DA:53,0
DA:59,0
DA:63,0
DA:64,0
DA:67,0
DA:68,0
DA:69,0
DA:78,0
DA:81,0
DA:82,0
DA:83,0
DA:84,0
DA:87,0
DA:91,0
DA:94,0
DA:96,0
DA:97,0
DA:99,0
DA:113,0
DA:114,0
DA:115,0
DA:117,0
DA:118,0
DA:126,0
DA:128,0
DA:129,0
DA:131,0
DA:142,0
DA:143,0
DA:144,0
DA:146,0
DA:147,0
LF:51
LH:0
BRDA:28,0,0,0
BRDA:28,0,1,0
BRDA:28,1,0,0
BRDA:28,1,1,0
BRDA:28,1,2,0
BRDA:33,2,0,0
BRDA:33,2,1,0
BRDA:34,3,0,0
BRDA:34,3,1,0
BRDA:47,4,0,0
BRDA:47,4,1,0
BRDA:48,5,0,0
BRDA:48,5,1,0
BRDA:51,6,0,0
BRDA:51,6,1,0
BRDA:51,7,0,0
BRDA:51,7,1,0
BRDA:55,8,0,0
BRDA:55,8,1,0
BRDA:96,9,0,0
BRDA:96,9,1,0
BRDA:147,10,0,0
BRDA:147,10,1,0
BRDA:128,11,0,0
BRDA:128,11,1,0
BRDA:84,12,0,0
BRDA:84,12,1,0
BRF:27
BRH:0
end_of_record
TN:
SF:src/lib/stores/email.ts
FNF:0
FNH:0
DA:3,0
DA:4,0
DA:5,0
DA:6,0
LF:4
LH:0
BRF:0
BRH:0
end_of_record
TN:
SF:src/lib/stores/login.ts
FN:8,(anonymous_0)
FN:9,(anonymous_1)
FN:13,(anonymous_2)
FN:19,setUserData
FN:46,(anonymous_4)
FN:50,(anonymous_5)
FN:55,(anonymous_6)
FNF:7
FNH:5
FNDA:13,(anonymous_0)
FNDA:12,(anonymous_1)
FNDA:4,(anonymous_2)
FNDA:1,setUserData
FNDA:1,(anonymous_4)
FNDA:0,(anonymous_5)
FNDA:0,(anonymous_6)
DA:5,1
DA:6,1
DA:8,13
DA:9,12
DA:11,1
DA:13,4
DA:16,1
DA:17,1
DA:20,1
DA:21,0
DA:22,0
DA:25,0
DA:31,0
DA:32,0
DA:34,0
DA:36,0
DA:38,1
DA:39,1
DA:40,1
DA:41,1
DA:46,1
DA:47,1
DA:48,1
DA:49,1
DA:51,0
DA:52,0
DA:55,1
DA:56,0
DA:57,0
DA:58,0
LF:30
LH:18
BRDA:13,0,0,4
BRDA:13,0,1,2
BRDA:20,1,0,0
BRDA:20,1,1,1
BRDA:22,2,0,0
BRDA:22,2,1,0
BRDA:31,3,0,0
BRDA:31,3,1,0
BRDA:34,4,0,0
BRDA:34,4,1,0
BRDA:36,5,0,0
BRDA:36,5,1,0
BRF:12
BRH:3
end_of_record
TN:
SF:src/lib/stores/profiles.ts
FNF:0
FNH:0
DA:4,0
DA:6,0
DA:8,0
DA:10,0
DA:12,0
LF:5
LH:0
BRF:0
BRH:0
end_of_record
TN:
SF:src/lib/stores/server.ts
FN:9,(anonymous_0)
FN:10,(anonymous_1)
FN:14,(anonymous_2)
FN:22,(anonymous_3)
FN:23,(anonymous_4)
FN:27,(anonymous_5)
FNF:6
FNH:6
FNDA:12,(anonymous_0)
FNDA:9,(anonymous_1)
FNDA:4,(anonymous_2)
FNDA:3,(anonymous_3)
FNDA:3,(anonymous_4)
FNDA:2,(anonymous_5)
DA:4,1
DA:5,1
DA:6,1
DA:7,1
DA:9,12
DA:10,9
DA:12,1
DA:14,4
DA:17,1
DA:18,1
DA:19,1
DA:20,1
DA:22,3
DA:23,3
DA:25,1
DA:27,2
LF:16
LH:16
BRDA:9,0,0,12
BRDA:9,0,1,8
BRDA:9,0,2,7
BRDA:10,1,0,9
BRDA:10,1,1,9
BRDA:14,2,0,4
BRDA:14,2,1,2
BRDA:22,3,0,3
BRDA:22,3,1,2
BRDA:22,3,2,2
BRDA:23,4,0,3
BRDA:23,4,1,3
BRDA:27,5,0,2
BRDA:27,5,1,1
BRF:14
BRH:14
end_of_record
TN:
SF:src/lib/stores/signup.ts
FN:7,(anonymous_0)
FN:8,(anonymous_1)
FN:9,(anonymous_2)
FN:13,(anonymous_3)
FNF:4
FNH:4
FNDA:8,(anonymous_0)
FNDA:15,(anonymous_1)
FNDA:8,(anonymous_2)
FNDA:5,(anonymous_3)
DA:3,1
DA:4,1
DA:5,1
DA:7,8
DA:8,15
DA:9,8
DA:11,1
DA:13,5
LF:8
LH:8
BRDA:13,0,0,5
BRDA:13,0,1,4
BRDA:13,0,2,3
BRF:3
BRH:3
end_of_record
TN:
SF:src/lib/stores/user.ts
FNF:0
FNH:0
DA:3,1
DA:4,1
DA:5,1
DA:6,1
LF:4
LH:4
BRF:0
BRH:0
end_of_record
TN:
SF:src/lib/types/profileInfo.ts
FNF:0
FNH:0
LF:0
LH:0
BRF:0
BRH:0
end_of_record
TN:
SF:src/lib/types/reviewInfo.ts
FNF:0
FNH:0
LF:0
LH:0
BRF:0
BRH:0
end_of_record
TN:
SF:src/lib/types/serverInfo.ts
FNF:0
FNH:0
LF:0
LH:0
BRF:0
BRH:0
end_of_record
TN:
SF:src/lib/utils/idleLogout.ts
FN:6,resetTimer
FN:11,(anonymous_1)
FN:16,startIdleTimer
FN:18,(anonymous_3)
FN:23,stopIdleTimer
FN:25,(anonymous_5)
FNF:6
FNH:6
FNDA:10,resetTimer
FNDA:3,(anonymous_1)
FNDA:7,startIdleTimer
FNDA:35,(anonymous_3)
FNDA:9,stopIdleTimer
FNDA:45,(anonymous_5)
DA:3,1
DA:4,1
DA:7,10
DA:8,9
DA:11,10
DA:12,3
DA:17,7
DA:18,35
DA:20,7
DA:24,9
DA:25,45
DA:27,9
DA:28,9
LF:13
LH:13
BRDA:7,0,0,9
BRDA:7,0,1,1
BRDA:27,1,0,9
BRDA:27,1,1,0
BRF:4
BRH:3
end_of_record
